Using pre-set license
Built from '2020.3/staging' branch; Version is '2020.3.4f1 (0abb6314276a) revision 703331'; Using compiler version '192528614'; Build Type 'Release'
OS: 'Windows 10 Home; OS build 18363.1440; Version 1909; 64bit' Language: 'en' Physical Memory: 6091 MB
BatchMode: 1, IsHumanControllingUs: 0, StartBugReporterOnCrash: 0, Is64bit: 1, IsPro: 0

 COMMAND LINE ARGUMENTS:
C:\2020.3.4f1\Editor\Unity.exe
-adb2
-batchMode
-noUpm
-name
AssetImportWorker0
-projectPath
C:/SERBASERBILAB/LAB_RPLGDC/Flappy Bird
-logFile
Logs/AssetImportWorker0.log
-srvPort
49924
Successfully changed project path to: C:/SERBASERBILAB/LAB_RPLGDC/Flappy Bird
C:/SERBASERBILAB/LAB_RPLGDC/Flappy Bird
Using Asset Import Pipeline V2.
Refreshing native plugins compatible for Editor in 69.50 ms, found 0 plugins.
Preloading 0 native plugins for Editor in 0.00 ms.
Initialize engine version: 2020.3.4f1 (0abb6314276a)
[Subsystems] Discovering subsystems at path C:/2020.3.4f1/Editor/Data/Resources/UnitySubsystems
[Subsystems] Discovering subsystems at path C:/SERBASERBILAB/LAB_RPLGDC/Flappy Bird/Assets
GfxDevice: creating device client; threaded=0
Direct3D:
    Version:  Direct3D 11.0 [level 11.1]
    Renderer: AMD Radeon(TM) RX Vega 10 Graphics (ID=0x15d8)
    Vendor:   
    VRAM:     3045 MB
    Driver:   27.20.11044.5003
Initialize mono
Mono path[0] = 'C:/2020.3.4f1/Editor/Data/Managed'
Mono path[1] = 'C:/2020.3.4f1/Editor/Data/MonoBleedingEdge/lib/mono/unityjit'
Mono config path = 'C:/2020.3.4f1/Editor/Data/MonoBleedingEdge/etc'
Using monoOptions --debugger-agent=transport=dt_socket,embedding=1,server=y,suspend=n,address=127.0.0.1:56644
Begin MonoManager ReloadAssembly
Registering precompiled unity dll's ...
Register platform support module: C:/2020.3.4f1/Editor/Data/PlaybackEngines/WindowsStandaloneSupport/UnityEditor.WindowsStandalone.Extensions.dll
Registered in 0.004214 seconds.
Native extension for WindowsStandalone target not found
Refreshing native plugins compatible for Editor in 45.31 ms, found 0 plugins.
Preloading 0 native plugins for Editor in 0.00 ms.
Mono: successfully reloaded assembly
- Completed reload, in  8.894 seconds
Platform modules already initialized, skipping
Registering precompiled user dll's ...
Registered in 0.002566 seconds.
Begin MonoManager ReloadAssembly
Native extension for WindowsStandalone target not found
Refreshing native plugins compatible for Editor in 0.52 ms, found 0 plugins.
Preloading 0 native plugins for Editor in 0.00 ms.
Mono: successfully reloaded assembly
- Completed reload, in  1.503 seconds
Platform modules already initialized, skipping
========================================================================
Worker process is ready to serve import requests
Launched and connected shader compiler UnityShaderCompiler.exe after 0.10 seconds
Refreshing native plugins compatible for Editor in 0.52 ms, found 0 plugins.
Preloading 0 native plugins for Editor in 0.00 ms.
Unloading 1143 Unused Serialized files (Serialized files now loaded: 0)
System memory in use before: 57.7 MB.
System memory in use after: 57.7 MB.

Unloading 9 unused Assets to reduce memory usage. Loaded Objects now: 1585.
Total: 8.991600 ms (FindLiveObjects: 0.838100 ms CreateObjectMapping: 0.175700 ms MarkObjects: 7.069600 ms  DeleteObjects: 0.903500 ms)

========================================================================
Received Import Request.
  path: Assets/Script/Level.cs
  artifactKey: Guid(2790d4f6fee90d44a8e23a00fa4ba094) Importer(815301076,1909f56bfc062723c751e8b465ee728b)
Start importing Assets/Script/Level.cs using Guid(2790d4f6fee90d44a8e23a00fa4ba094) Importer(815301076,1909f56bfc062723c751e8b465ee728b)  -> (artifact id: '0a00e25fa8c45137fd74a771a62ceee7') in 0.086743 seconds
  Import took 0.092754 seconds .

========================================================================
Received Import Request.
  Time since last request: 0.001173 seconds.
  path: Assets/Script/GameAssets.cs
  artifactKey: Guid(fe8f047059e88784d8259e92ef1502af) Importer(815301076,1909f56bfc062723c751e8b465ee728b)
Start importing Assets/Script/GameAssets.cs using Guid(fe8f047059e88784d8259e92ef1502af) Importer(815301076,1909f56bfc062723c751e8b465ee728b)  -> (artifact id: '5cb7d3f966c06f35d09ddf7fc41d6f4e') in 0.011192 seconds
  Import took 0.016012 seconds .

========================================================================
Received Import Request.
  Time since last request: 0.000315 seconds.
  path: Assets/Script/GameOverWindow.cs
  artifactKey: Guid(a16c2e519f14e2742bb487b041218d88) Importer(815301076,1909f56bfc062723c751e8b465ee728b)
Start importing Assets/Script/GameOverWindow.cs using Guid(a16c2e519f14e2742bb487b041218d88) Importer(815301076,1909f56bfc062723c751e8b465ee728b)  -> (artifact id: 'ff0321b26541c8463c3cef2eeef6ec92') in 0.011834 seconds
  Import took 0.016643 seconds .

========================================================================
Received Import Request.
  Time since last request: 0.000251 seconds.
  path: Assets/Script/Loader.cs
  artifactKey: Guid(6689c96c0f361884485de0f07fde214f) Importer(815301076,1909f56bfc062723c751e8b465ee728b)
Start importing Assets/Script/Loader.cs using Guid(6689c96c0f361884485de0f07fde214f) Importer(815301076,1909f56bfc062723c751e8b465ee728b)  -> (artifact id: 'a7aebdf9fd000d56b7945fc8e50560dc') in 0.011787 seconds
  Import took 0.016479 seconds .

========================================================================
Received Import Request.
  Time since last request: 0.000291 seconds.
  path: Assets/Script/GameHandler.cs
  artifactKey: Guid(ada5454f1e6d4ed40a4c0b6935afaf44) Importer(815301076,1909f56bfc062723c751e8b465ee728b)
Start importing Assets/Script/GameHandler.cs using Guid(ada5454f1e6d4ed40a4c0b6935afaf44) Importer(815301076,1909f56bfc062723c751e8b465ee728b)  -> (artifact id: '3f44ac528575e2903fb85a640bde6038') in 0.013745 seconds
  Import took 0.018290 seconds .

========================================================================
Received Import Request.
  Time since last request: 0.000475 seconds.
  path: Assets/Script/LoaderUpdate.cs
  artifactKey: Guid(809e5633150ee794fa8345b13b0b40d0) Importer(815301076,1909f56bfc062723c751e8b465ee728b)
Start importing Assets/Script/LoaderUpdate.cs using Guid(809e5633150ee794fa8345b13b0b40d0) Importer(815301076,1909f56bfc062723c751e8b465ee728b)  -> (artifact id: 'e5ca5d4dd1cf1441c9fbeb5482e5f4d0') in 0.014943 seconds
  Import took 0.018943 seconds .

========================================================================
Received Import Request.
  Time since last request: 1.547958 seconds.
  path: Assets/Script/MainMenuWindow.cs
  artifactKey: Guid(994278768adff5d41b6984c2d27dc955) Importer(815301076,1909f56bfc062723c751e8b465ee728b)
Start importing Assets/Script/MainMenuWindow.cs using Guid(994278768adff5d41b6984c2d27dc955) Importer(815301076,1909f56bfc062723c751e8b465ee728b)  -> (artifact id: 'f5d9e1306fc6c12ed7b33532f68b733c') in 0.032406 seconds
  Import took 0.039144 seconds .

========================================================================
Received Import Request.
  Time since last request: 0.001664 seconds.
  path: Assets/Script/MainMenuWindow.cs
  artifactKey: Guid(994278768adff5d41b6984c2d27dc955) Importer(815301076,1909f56bfc062723c751e8b465ee728b)
Start importing Assets/Script/MainMenuWindow.cs using Guid(994278768adff5d41b6984c2d27dc955) Importer(815301076,1909f56bfc062723c751e8b465ee728b)  -> (artifact id: 'f5d9e1306fc6c12ed7b33532f68b733c') in 0.007541 seconds
  Import took 0.012540 seconds .

========================================================================
Received Import Request.
  Time since last request: 2.345000 seconds.
  path: Assets/Script/Score.cs
  artifactKey: Guid(5ee154d88d70c6d479dc6988d9cd04b8) Importer(815301076,1909f56bfc062723c751e8b465ee728b)
Start importing Assets/Script/Score.cs using Guid(5ee154d88d70c6d479dc6988d9cd04b8) Importer(815301076,1909f56bfc062723c751e8b465ee728b)  -> (artifact id: '9cca86bf554dc36a69227a8a4b85c3d3') in 0.012988 seconds
  Import took 0.016556 seconds .

========================================================================
Received Import Request.
  Time since last request: 2.279264 seconds.
  path: Assets/Script/ScoreWindow.cs
  artifactKey: Guid(83e327273a1437948a2c77c24c9d10b1) Importer(815301076,1909f56bfc062723c751e8b465ee728b)
Start importing Assets/Script/ScoreWindow.cs using Guid(83e327273a1437948a2c77c24c9d10b1) Importer(815301076,1909f56bfc062723c751e8b465ee728b)  -> (artifact id: 'b7a888484051893b86d186f25440ced7') in 0.012867 seconds
  Import took 0.016162 seconds .

========================================================================
Received Import Request.
  Time since last request: 2.527446 seconds.
  path: Assets/Script/SoundManager.cs
  artifactKey: Guid(05c9ac09ea7b0f64f8b057fca4dbb418) Importer(815301076,1909f56bfc062723c751e8b465ee728b)
Start importing Assets/Script/SoundManager.cs using Guid(05c9ac09ea7b0f64f8b057fca4dbb418) Importer(815301076,1909f56bfc062723c751e8b465ee728b)  -> (artifact id: 'ca750ea188b3e9b5eca53e52574599cc') in 0.013020 seconds
  Import took 0.015612 seconds .

========================================================================
Received Import Request.
  Time since last request: 2.459979 seconds.
  path: Assets/Script/SpriteAnimator.cs
  artifactKey: Guid(4b582e81b078c3c458cef0698f4b7f91) Importer(815301076,1909f56bfc062723c751e8b465ee728b)
Start importing Assets/Script/SpriteAnimator.cs using Guid(4b582e81b078c3c458cef0698f4b7f91) Importer(815301076,1909f56bfc062723c751e8b465ee728b)  -> (artifact id: '291178fe1532b436bda565705452b743') in 0.011471 seconds
  Import took 0.015075 seconds .

========================================================================
Received Import Request.
  Time since last request: 2.119237 seconds.
  path: Assets/Script/WaitingToStartWindow.cs
  artifactKey: Guid(9a1eb7cec3699884fa464880334c97b9) Importer(815301076,1909f56bfc062723c751e8b465ee728b)
Start importing Assets/Script/WaitingToStartWindow.cs using Guid(9a1eb7cec3699884fa464880334c97b9) Importer(815301076,1909f56bfc062723c751e8b465ee728b)  -> (artifact id: '9eae8c59db27bd827c5782d4ca9877d4') in 0.011405 seconds
  Import took 0.014884 seconds .

========================================================================
Received Prepare
Registering precompiled user dll's ...
Registered in 0.001103 seconds.
Begin MonoManager ReloadAssembly
Native extension for WindowsStandalone target not found
Refreshing native plugins compatible for Editor in 0.34 ms, found 0 plugins.
Preloading 0 native plugins for Editor in 0.00 ms.
Mono: successfully reloaded assembly
- Completed reload, in  1.356 seconds
Platform modules already initialized, skipping
Refreshing native plugins compatible for Editor in 0.28 ms, found 0 plugins.
Preloading 0 native plugins for Editor in 0.00 ms.
Unloading 1137 Unused Serialized files (Serialized files now loaded: 0)
System memory in use before: 57.5 MB.
System memory in use after: 57.6 MB.

Unloading 4 unused Assets to reduce memory usage. Loaded Objects now: 1588.
Total: 2.769000 ms (FindLiveObjects: 0.216600 ms CreateObjectMapping: 0.048700 ms MarkObjects: 2.472200 ms  DeleteObjects: 0.029600 ms)

========================================================================
Received Prepare
Registering precompiled user dll's ...
Registered in 0.001698 seconds.
Begin MonoManager ReloadAssembly
Native extension for WindowsStandalone target not found
Refreshing native plugins compatible for Editor in 0.46 ms, found 0 plugins.
Preloading 0 native plugins for Editor in 0.00 ms.
Mono: successfully reloaded assembly
- Completed reload, in  1.377 seconds
Platform modules already initialized, skipping
Refreshing native plugins compatible for Editor in 0.48 ms, found 0 plugins.
Preloading 0 native plugins for Editor in 0.00 ms.
Unloading 1137 Unused Serialized files (Serialized files now loaded: 0)
System memory in use before: 57.5 MB.
System memory in use after: 57.6 MB.

Unloading 4 unused Assets to reduce memory usage. Loaded Objects now: 1591.
Total: 9.275700 ms (FindLiveObjects: 0.599000 ms CreateObjectMapping: 0.149300 ms MarkObjects: 8.105500 ms  DeleteObjects: 0.418200 ms)

========================================================================
Received Prepare
Registering precompiled user dll's ...
Registered in 0.001593 seconds.
Begin MonoManager ReloadAssembly
Native extension for WindowsStandalone target not found
Refreshing native plugins compatible for Editor in 0.39 ms, found 0 plugins.
Preloading 0 native plugins for Editor in 0.00 ms.
Mono: successfully reloaded assembly
- Completed reload, in  1.498 seconds
Platform modules already initialized, skipping
Refreshing native plugins compatible for Editor in 0.28 ms, found 0 plugins.
Preloading 0 native plugins for Editor in 0.00 ms.
Unloading 1137 Unused Serialized files (Serialized files now loaded: 0)
System memory in use before: 57.5 MB.
System memory in use after: 57.6 MB.

Unloading 4 unused Assets to reduce memory usage. Loaded Objects now: 1594.
Total: 8.693300 ms (FindLiveObjects: 0.211700 ms CreateObjectMapping: 0.040500 ms MarkObjects: 8.033600 ms  DeleteObjects: 0.404700 ms)

========================================================================
Received Prepare
Registering precompiled user dll's ...
Registered in 0.003650 seconds.
Begin MonoManager ReloadAssembly
Native extension for WindowsStandalone target not found
Refreshing native plugins compatible for Editor in 0.40 ms, found 0 plugins.
Preloading 0 native plugins for Editor in 0.00 ms.
Mono: successfully reloaded assembly
- Completed reload, in  1.458 seconds
Platform modules already initialized, skipping
Refreshing native plugins compatible for Editor in 0.89 ms, found 0 plugins.
Preloading 0 native plugins for Editor in 0.00 ms.
Unloading 1137 Unused Serialized files (Serialized files now loaded: 0)
System memory in use before: 57.6 MB.
System memory in use after: 57.7 MB.

Unloading 4 unused Assets to reduce memory usage. Loaded Objects now: 1597.
Total: 5.864900 ms (FindLiveObjects: 1.625000 ms CreateObjectMapping: 0.289000 ms MarkObjects: 3.913600 ms  DeleteObjects: 0.033200 ms)

========================================================================
Received Prepare
Registering precompiled user dll's ...
Registered in 0.001020 seconds.
Begin MonoManager ReloadAssembly
Native extension for WindowsStandalone target not found
Refreshing native plugins compatible for Editor in 0.28 ms, found 0 plugins.
Preloading 0 native plugins for Editor in 0.00 ms.
Mono: successfully reloaded assembly
- Completed reload, in  1.111 seconds
Platform modules already initialized, skipping
Refreshing native plugins compatible for Editor in 0.27 ms, found 0 plugins.
Preloading 0 native plugins for Editor in 0.00 ms.
Unloading 1137 Unused Serialized files (Serialized files now loaded: 0)
System memory in use before: 57.6 MB.
System memory in use after: 57.7 MB.

Unloading 4 unused Assets to reduce memory usage. Loaded Objects now: 1600.
Total: 2.486100 ms (FindLiveObjects: 0.217000 ms CreateObjectMapping: 0.041000 ms MarkObjects: 2.202900 ms  DeleteObjects: 0.023400 ms)

========================================================================
Received Prepare
Registering precompiled user dll's ...
Registered in 0.000972 seconds.
Begin MonoManager ReloadAssembly
Native extension for WindowsStandalone target not found
Refreshing native plugins compatible for Editor in 0.30 ms, found 0 plugins.
Preloading 0 native plugins for Editor in 0.00 ms.
Mono: successfully reloaded assembly
- Completed reload, in  1.109 seconds
Platform modules already initialized, skipping
Refreshing native plugins compatible for Editor in 0.28 ms, found 0 plugins.
Preloading 0 native plugins for Editor in 0.00 ms.
Unloading 1137 Unused Serialized files (Serialized files now loaded: 0)
System memory in use before: 57.6 MB.
System memory in use after: 57.7 MB.

Unloading 4 unused Assets to reduce memory usage. Loaded Objects now: 1603.
Total: 2.628600 ms (FindLiveObjects: 0.209600 ms CreateObjectMapping: 0.041900 ms MarkObjects: 2.348800 ms  DeleteObjects: 0.026800 ms)

========================================================================
Received Import Request.
  Time since last request: 5715.713927 seconds.
  path: Assets/Script/Bird.cs
  artifactKey: Guid(5bff42c7e14e5bf4396d3c9da6e3d445) Importer(815301076,1909f56bfc062723c751e8b465ee728b)
Start importing Assets/Script/Bird.cs using Guid(5bff42c7e14e5bf4396d3c9da6e3d445) Importer(815301076,1909f56bfc062723c751e8b465ee728b)  -> (artifact id: 'd97ad3d0be314e3835033ee8af6911b3') in 0.020806 seconds
  Import took 0.025936 seconds .

========================================================================
Received Import Request.
  Time since last request: 0.002101 seconds.
  path: Assets/Script/Bird.cs
  artifactKey: Guid(5bff42c7e14e5bf4396d3c9da6e3d445) Importer(815301076,1909f56bfc062723c751e8b465ee728b)
Start importing Assets/Script/Bird.cs using Guid(5bff42c7e14e5bf4396d3c9da6e3d445) Importer(815301076,1909f56bfc062723c751e8b465ee728b)  -> (artifact id: 'd97ad3d0be314e3835033ee8af6911b3') in 0.005603 seconds
  Import took 0.010793 seconds .

========================================================================
Received Import Request.
  Time since last request: 5.247689 seconds.
  path: Assets/Prefabs/GameAssets.prefab
  artifactKey: Guid(d9939957204202c4f9dc3fce1fbd524f) Importer(815301076,1909f56bfc062723c751e8b465ee728b)
Start importing Assets/Prefabs/GameAssets.prefab using Guid(d9939957204202c4f9dc3fce1fbd524f) Importer(815301076,1909f56bfc062723c751e8b465ee728b)  -> (artifact id: '4ef953923d20e9324584a4d54a932936') in 0.104590 seconds
  Import took 0.110347 seconds .

========================================================================
Received Import Request.
  Time since last request: 0.000475 seconds.
  path: Assets/Prefabs/pfClouds_2.prefab
  artifactKey: Guid(41d40ba7dcb2b5148b5aab18192df6ff) Importer(815301076,1909f56bfc062723c751e8b465ee728b)
Start importing Assets/Prefabs/pfClouds_2.prefab using Guid(41d40ba7dcb2b5148b5aab18192df6ff) Importer(815301076,1909f56bfc062723c751e8b465ee728b)  -> (artifact id: '2e71d4942a3ba16a8b7be918ea0922ee') in 0.153187 seconds
  Import took 0.157288 seconds .

========================================================================
Received Import Request.
  Time since last request: 0.000260 seconds.
  path: Assets/Prefabs/pfGround.prefab
  artifactKey: Guid(8d335ff8c037cd04c8fc5fa56c98e8bc) Importer(815301076,1909f56bfc062723c751e8b465ee728b)
Start importing Assets/Prefabs/pfGround.prefab using Guid(8d335ff8c037cd04c8fc5fa56c98e8bc) Importer(815301076,1909f56bfc062723c751e8b465ee728b)  -> (artifact id: '92c3e6d06d1688df315d7360773d2c28') in 0.031448 seconds
  Import took 0.035217 seconds .

========================================================================
Received Import Request.
  Time since last request: 0.000283 seconds.
  path: Assets/Prefabs/pfClouds_1.prefab
  artifactKey: Guid(5e0cd78fc8737d5428b2562b7a338a79) Importer(815301076,1909f56bfc062723c751e8b465ee728b)
Start importing Assets/Prefabs/pfClouds_1.prefab using Guid(5e0cd78fc8737d5428b2562b7a338a79) Importer(815301076,1909f56bfc062723c751e8b465ee728b)  -> (artifact id: 'ba8cb09edc3d101bd4e644491e15bfe8') in 0.028073 seconds
  Import took 0.032668 seconds .

========================================================================
Received Import Request.
  Time since last request: 0.000300 seconds.
  path: Assets/Prefabs/pfPipeBody.prefab
  artifactKey: Guid(6efc8b80c50d73244b7b4a0e904eb9d5) Importer(815301076,1909f56bfc062723c751e8b465ee728b)
Start importing Assets/Prefabs/pfPipeBody.prefab using Guid(6efc8b80c50d73244b7b4a0e904eb9d5) Importer(815301076,1909f56bfc062723c751e8b465ee728b)  -> (artifact id: 'd09ba370f1371fc76bb2814376f0ec97') in 0.027191 seconds
  Import took 0.030347 seconds .

========================================================================
Received Import Request.
  Time since last request: 0.000295 seconds.
  path: Assets/Prefabs/pfClouds_3.prefab
  artifactKey: Guid(2f207c7cb2e5d8144b11bfa8987edaad) Importer(815301076,1909f56bfc062723c751e8b465ee728b)
Start importing Assets/Prefabs/pfClouds_3.prefab using Guid(2f207c7cb2e5d8144b11bfa8987edaad) Importer(815301076,1909f56bfc062723c751e8b465ee728b)  -> (artifact id: '9c1912362462d91c5b2357cdf600fa39') in 0.030475 seconds
  Import took 0.034555 seconds .

========================================================================
Received Import Request.
  Time since last request: 0.000354 seconds.
  path: Assets/Prefabs/pfPipeHead.prefab
  artifactKey: Guid(c3528aa3e74bf3a4f997da3fa13c8c3b) Importer(815301076,1909f56bfc062723c751e8b465ee728b)
Start importing Assets/Prefabs/pfPipeHead.prefab using Guid(c3528aa3e74bf3a4f997da3fa13c8c3b) Importer(815301076,1909f56bfc062723c751e8b465ee728b)  -> (artifact id: 'c0e7e7d5455279e5fb8bf717e8f968e7') in 0.027290 seconds
  Import took 0.031436 seconds .

========================================================================
Received Prepare
Registering precompiled user dll's ...
Registered in 0.000936 seconds.
Begin MonoManager ReloadAssembly
Native extension for WindowsStandalone target not found
Refreshing native plugins compatible for Editor in 0.28 ms, found 0 plugins.
Preloading 0 native plugins for Editor in 0.00 ms.
Mono: successfully reloaded assembly
- Completed reload, in  1.095 seconds
Platform modules already initialized, skipping
Refreshing native plugins compatible for Editor in 0.27 ms, found 0 plugins.
Preloading 0 native plugins for Editor in 0.00 ms.
Unloading 1137 Unused Serialized files (Serialized files now loaded: 0)
System memory in use before: 60.7 MB.
System memory in use after: 60.8 MB.

Unloading 4 unused Assets to reduce memory usage. Loaded Objects now: 1613.
Total: 3.045300 ms (FindLiveObjects: 0.303100 ms CreateObjectMapping: 0.067800 ms MarkObjects: 2.648500 ms  DeleteObjects: 0.023800 ms)

========================================================================
Received Import Request.
  Time since last request: 120.127833 seconds.
  path: Assets/Script
  artifactKey: Guid(fa2cedbdb83148d45a516343e4ee10f3) Importer(815301076,1909f56bfc062723c751e8b465ee728b)
Start importing Assets/Script using Guid(fa2cedbdb83148d45a516343e4ee10f3) Importer(815301076,1909f56bfc062723c751e8b465ee728b)  -> (artifact id: 'd0ca9402263f876e90734f659f540cfa') in 0.017829 seconds
  Import took 0.020703 seconds .

========================================================================
Received Import Request.
  Time since last request: 10.167389 seconds.
  path: Assets/Script/PlayerLog.cs
  artifactKey: Guid(b843ebaedc2ce004488ef53679a15a16) Importer(815301076,1909f56bfc062723c751e8b465ee728b)
Start importing Assets/Script/PlayerLog.cs using Guid(b843ebaedc2ce004488ef53679a15a16) Importer(815301076,1909f56bfc062723c751e8b465ee728b)  -> (artifact id: 'f513478a139ffa913c820e6ac8d2c0b7') in 0.013466 seconds
  Import took 0.018375 seconds .

========================================================================
Received Prepare
Registering precompiled user dll's ...
Registered in 0.001035 seconds.
Begin MonoManager ReloadAssembly
Native extension for WindowsStandalone target not found
Refreshing native plugins compatible for Editor in 0.36 ms, found 0 plugins.
Preloading 0 native plugins for Editor in 0.00 ms.
Mono: successfully reloaded assembly
- Completed reload, in  1.063 seconds
Platform modules already initialized, skipping
Refreshing native plugins compatible for Editor in 0.27 ms, found 0 plugins.
Preloading 0 native plugins for Editor in 0.00 ms.
Unloading 1138 Unused Serialized files (Serialized files now loaded: 0)
System memory in use before: 60.7 MB.
System memory in use after: 60.8 MB.

Unloading 4 unused Assets to reduce memory usage. Loaded Objects now: 1617.
Total: 2.283400 ms (FindLiveObjects: 0.200000 ms CreateObjectMapping: 0.035200 ms MarkObjects: 2.028500 ms  DeleteObjects: 0.018000 ms)

========================================================================
Received Import Request.
  Time since last request: 72.248264 seconds.
  path: Assets/Script/PlayerLog.cs
  artifactKey: Guid(b843ebaedc2ce004488ef53679a15a16) Importer(815301076,1909f56bfc062723c751e8b465ee728b)
Start importing Assets/Script/PlayerLog.cs using Guid(b843ebaedc2ce004488ef53679a15a16) Importer(815301076,1909f56bfc062723c751e8b465ee728b)  -> (artifact id: 'fafb31ce6f9077104b96dc66d6058d75') in 0.007925 seconds
  Import took 0.011872 seconds .

========================================================================
Received Prepare
Registering precompiled user dll's ...
Registered in 0.006092 seconds.
Begin MonoManager ReloadAssembly
Native extension for WindowsStandalone target not found
Refreshing native plugins compatible for Editor in 0.47 ms, found 0 plugins.
Preloading 0 native plugins for Editor in 0.00 ms.
Mono: successfully reloaded assembly
- Completed reload, in  1.631 seconds
Platform modules already initialized, skipping
Refreshing native plugins compatible for Editor in 0.30 ms, found 0 plugins.
Preloading 0 native plugins for Editor in 0.00 ms.
Unloading 1143 Unused Serialized files (Serialized files now loaded: 0)
System memory in use before: 60.9 MB.
System memory in use after: 61.0 MB.

Unloading 7 unused Assets to reduce memory usage. Loaded Objects now: 1622.
Total: 3.530900 ms (FindLiveObjects: 0.341400 ms CreateObjectMapping: 0.059100 ms MarkObjects: 3.090800 ms  DeleteObjects: 0.036300 ms)

========================================================================
Received Prepare
Registering precompiled user dll's ...
Registered in 0.006101 seconds.
Begin MonoManager ReloadAssembly
Native extension for WindowsStandalone target not found
Refreshing native plugins compatible for Editor in 0.31 ms, found 0 plugins.
Preloading 0 native plugins for Editor in 0.00 ms.
Mono: successfully reloaded assembly
- Completed reload, in  1.067 seconds
Platform modules already initialized, skipping
Refreshing native plugins compatible for Editor in 0.44 ms, found 0 plugins.
Preloading 0 native plugins for Editor in 0.00 ms.
Unloading 1143 Unused Serialized files (Serialized files now loaded: 0)
System memory in use before: 60.9 MB.
System memory in use after: 61.0 MB.

Unloading 7 unused Assets to reduce memory usage. Loaded Objects now: 1625.
Total: 2.643800 ms (FindLiveObjects: 0.210500 ms CreateObjectMapping: 0.047100 ms MarkObjects: 2.360300 ms  DeleteObjects: 0.023600 ms)

========================================================================
Received Import Request.
  Time since last request: 934.348669 seconds.
  path: Assets/Script/SaveScript.cs
  artifactKey: Guid(4391868eb3efef547a7a7d2b25fed52c) Importer(815301076,1909f56bfc062723c751e8b465ee728b)
Start importing Assets/Script/SaveScript.cs using Guid(4391868eb3efef547a7a7d2b25fed52c) Importer(815301076,1909f56bfc062723c751e8b465ee728b)  -> (artifact id: '6b5d9ed53a6dc2d7a2f811a72fe44ff3') in 0.020742 seconds
  Import took 0.025347 seconds .

========================================================================
Received Import Request.
  Time since last request: 0.023182 seconds.
  path: Assets/Script/SaveScript.cs
  artifactKey: Guid(4391868eb3efef547a7a7d2b25fed52c) Importer(815301076,1909f56bfc062723c751e8b465ee728b)
Start importing Assets/Script/SaveScript.cs using Guid(4391868eb3efef547a7a7d2b25fed52c) Importer(815301076,1909f56bfc062723c751e8b465ee728b)  -> (artifact id: '6b5d9ed53a6dc2d7a2f811a72fe44ff3') in 0.007012 seconds
  Import took 0.010507 seconds .

========================================================================
Received Prepare
Registering precompiled user dll's ...
Registered in 0.002962 seconds.
Begin MonoManager ReloadAssembly
Native extension for WindowsStandalone target not found
Refreshing native plugins compatible for Editor in 0.46 ms, found 0 plugins.
Preloading 0 native plugins for Editor in 0.00 ms.
Mono: successfully reloaded assembly
- Completed reload, in  1.570 seconds
Platform modules already initialized, skipping
Refreshing native plugins compatible for Editor in 0.37 ms, found 0 plugins.
Preloading 0 native plugins for Editor in 0.00 ms.
Unloading 1144 Unused Serialized files (Serialized files now loaded: 0)
System memory in use before: 61.0 MB.
System memory in use after: 61.1 MB.

Unloading 7 unused Assets to reduce memory usage. Loaded Objects now: 1629.
Total: 3.764600 ms (FindLiveObjects: 0.286000 ms CreateObjectMapping: 0.058500 ms MarkObjects: 3.387400 ms  DeleteObjects: 0.030200 ms)

========================================================================
Received Prepare
Registering precompiled user dll's ...
Registered in 0.005578 seconds.
Begin MonoManager ReloadAssembly
Native extension for WindowsStandalone target not found
Refreshing native plugins compatible for Editor in 0.33 ms, found 0 plugins.
Preloading 0 native plugins for Editor in 0.00 ms.
Mono: successfully reloaded assembly
- Completed reload, in  1.382 seconds
Platform modules already initialized, skipping
Refreshing native plugins compatible for Editor in 0.38 ms, found 0 plugins.
Preloading 0 native plugins for Editor in 0.00 ms.
Unloading 1144 Unused Serialized files (Serialized files now loaded: 0)
System memory in use before: 61.0 MB.
System memory in use after: 61.1 MB.

Unloading 7 unused Assets to reduce memory usage. Loaded Objects now: 1632.
Total: 3.639400 ms (FindLiveObjects: 0.251700 ms CreateObjectMapping: 0.051900 ms MarkObjects: 3.278400 ms  DeleteObjects: 0.054600 ms)

========================================================================
Received Import Request.
  Time since last request: 512.282230 seconds.
  path: Assets/Script/SaveScript.cs
  artifactKey: Guid(4391868eb3efef547a7a7d2b25fed52c) Importer(815301076,1909f56bfc062723c751e8b465ee728b)
Start importing Assets/Script/SaveScript.cs using Guid(4391868eb3efef547a7a7d2b25fed52c) Importer(815301076,1909f56bfc062723c751e8b465ee728b)  -> (artifact id: '2ba046d8336822606efb5d3ecf54ba50') in 0.007677 seconds
  Import took 0.011211 seconds .

========================================================================
Received Prepare
Registering precompiled user dll's ...
Registered in 0.006121 seconds.
Begin MonoManager ReloadAssembly
Native extension for WindowsStandalone target not found
Refreshing native plugins compatible for Editor in 0.30 ms, found 0 plugins.
Preloading 0 native plugins for Editor in 0.00 ms.
Mono: successfully reloaded assembly
- Completed reload, in  1.045 seconds
Platform modules already initialized, skipping
Refreshing native plugins compatible for Editor in 0.31 ms, found 0 plugins.
Preloading 0 native plugins for Editor in 0.00 ms.
Unloading 1144 Unused Serialized files (Serialized files now loaded: 0)
System memory in use before: 61.0 MB.
System memory in use after: 61.1 MB.

Unloading 7 unused Assets to reduce memory usage. Loaded Objects now: 1635.
Total: 2.133000 ms (FindLiveObjects: 0.191200 ms CreateObjectMapping: 0.032800 ms MarkObjects: 1.885800 ms  DeleteObjects: 0.021300 ms)

========================================================================
Received Import Request.
  Time since last request: 903.229453 seconds.
  path: Assets/Script/SaveScript.cs
  artifactKey: Guid(4391868eb3efef547a7a7d2b25fed52c) Importer(815301076,1909f56bfc062723c751e8b465ee728b)
Start importing Assets/Script/SaveScript.cs using Guid(4391868eb3efef547a7a7d2b25fed52c) Importer(815301076,1909f56bfc062723c751e8b465ee728b)  -> (artifact id: 'b17c9265167db85076352fbd16a2749b') in 0.010782 seconds
  Import took 0.014678 seconds .

AssetImportWorkerClient::OnTransportError - code=2 error=End of file
